#--------------------------------------------------
# ./CLCS -ifile ../../Bacteria-klase/Bacteria;Aminicenantes.txt -ttime 10 -algorithm 3 -bw 500 -guidance 1 -oname output -ttime 10 -pruning 0 
#----------------- mhlib parameters ---------------------------------
# version: f41a-dirty
# mhlib version: v4.6
# params:
algorithm	3
bw	500
dupelim	1
feasibility	0
filtering	1
guidance	1
ifile	../../Bacteria-klase/Bacteria;Aminicenantes.txt
ifilelook	''
isfile	''
kbest	0
kext	100000
lbuffer	10
lchonly	1
ldups	0
lfreq	1
logext	.log
ltime	1
maxi	1
nformat	%f
odir	''
oname	output
outext	.out
popsize	1
pruning	0
repl	1
seed	1758359906
sfile	''
tciter	-1
time	900
titer	-1
tobj	-1
tselk	2
ttime	10
turn_cutoff	0
ub	0
wctime	0
wheap	1

m=3 n=1458 |Sigma|=4 UB=1446
S0=0,1,2,1,0,0,3,1,3,2,1,1,3,1,1,3,1,2,1,3,3,2,0,0,3,0,3,0,2,1,3,0,0,1,2,3,1,1,0,3,1,1,1,3,2,3,3,1,1,1,2,0,1,3,0,0,2,0,2,3,3,1,1,1,1,3,3,0,1,2,1,1,3,1,0,0,3,1,1,1,2,1,0,1,2,0,0,3,0,3,1,2,1,1,1,2,0,0,3,3,2,1,3,3,3,2,3,1,0,1,2,1,1,1,1,0,0,2,0,0,1,3,2,3,3,3,1,0,0,0,1,1,1,1,1,2,3,2,0,0,2,0,3,3,1,3,0,2,0,0,3,1,2,2,2,3,0,2,1,1,3,1,0,2,1,1,2,3,0,2,1,0,0,0,3,3,0,0,0,1,3,3,3,0,0,0,0,1,1,3,1,3,2,3,1,0,1,1,0,1,1,1,1,3,3,2,1,3,1,1,3,3,2,0,2,3,0,1,3,2,0,1,2,2,1,1,2,0,1,1,1,2,0,0,2,1,1,3,3,2,0,3,3,0,0,1,1,3,2,0,3,1,0,3,1,1,1,2,0,1,3,3,1,1,3,3,2,1,0,1,0,1,1,1,2,1,2,3,3,1,1,3,3,0,3,0,3,2,1,1,1,0,3,2,1,0,1,0,3,0,3,1,1,3,3,3,0,4,0,3,2,3,3,2,0,3,1,1,1,0,1,1,3,0,1,3,0,1,2,1,1,1,1,0,0,2,2,2,2,1,3,1,3,0,0,2,1,1,1,1,1,0,0,0,3,3,3,2,1,0,3,1,3,0,1,3,1,0,3,1,3,3,1,3,1,2,1,1,0,1,1,0,2,1,0,0,1,1,3,3,2,2,3,1,1,1,2,2,1,2,0,0,0,3,2,3,3,2,1,2,3,0,1,0,1,1,1,1,0,3,1,0,0,0,2,3,3,3,1,3,0,0,1,1,1,0,3,2,1,0,3,1,1,2,0,3,3,3,2,3,0,1,0,1,1,0,0,1,3,3,3,3,1,1,3,2,0,0,3,2,0,3,1,2,1,3,3,0,1,3,0,1,3,3,1,3,1,1,2,0,0,2,0,3,1,2,0,1,1,1,1,1,3,0,0,1,3,1,2,2,0,3,2,3,1,1,0,0,2,2,0,3,2,1,1,1,3,1,2,0,0,0,1,1,1,2,1,0,1,2,0,1,1,3,1,1,3,2,1,1,1,3,0,0,1,2,3,0,0,1,1,0,2,1,0,0,0,1,3,3,3,1,0,1,1,3,2,3,0,0,3,2,2,3,1,1,0,0,3,3,1,2,3,3,2,2,1,0,0,0,3,2,1,3,2,3,0,1,3,2,2,1,0,1,1,1,2,0,1,2,2,1,0,1,1,0,1,0,1,3,1,1,0,0,2,2,3,3,3,1,1,2,1,1,0,1,3,1,1,2,1,0,0,0,2,1,3,1,2,0,1,0,2,0,2,3,1,1,1,0,1,1,0,0,3,0,3,3,2,1,0,1,1,3,1,0,0,1,1,3,1,1,3,2,3,2,3,2,0,0,1,3,2,0,3,2,3,3,2,1,0,3,1,3,2,1,0,0,2,3,0,3,1,0,0,0,1,3,2,0,1,1,1,1,0,1,3,0,0,0,3,1,1,1,0,2,2,0,1,0,2,0,3,3,3,3,1,1,2,0,1,2,3,3,2,0,1,3,3,1,2,0,0,0,3,1,0,2,1,1,1,3,0,3,2,0,1,0,2,0,2,2,3,3,1,1,3,1,2,2,2,2,2,1,3,2,1,1,0,1,2,1,2,3,1,2,0,1,3,2,0,0,3,1,3,1,2,2,0,0,1,2,1,3,3,3,3,1,3,3,2,1,1,1,1,0,1,2,0,3,1,1,2,3,1,3,0,0,1,1,3,2,1,0,0,0,3,2,3,0,0,0,1,1,0,0,2,2,1,0,3,1,1,1,1,1,3,3,3,1,3,0,3,0,0,1,3,1,1,2,1,1,0,1,3,0,2,1,2,1,1,2,2,2,0,0,2,2,3,1,0,3,1,3,2,0,3,1,3,1,0,0,1,0,0,3,3,2,2,0,3,3,2,1,1,1,3,2,2,1,0,0,3,2,1,3,2,1,1,2,1,1,2,0,1,1,0,1,3,3,3,1,0,0,0,1,1,1,2,0,0,3,1,0,3,3,3,1,1,0,1,3,0,0,2,3,3,1,1,1,0,1,3,3,0,1,3,0,1,0,1,1,2,1,3,2,1,3,0,2,1,1,3,2,1,2,3,1,2,3,0,1,3,2,3,1,2,1,2,3,1,2,1,0,1,0,2,1,2,2,1,1,1,2,2,0,0,1,2,3,3,3,1,3,0,0,3,1,0,1,3,1,3,0,0,3,3,3,2,2,1,3,3,3,2,2,0,1,2,2,1,3,3,0,1,3,1,1,1,2,0,0,2,1,3,3,1,1,1,3,0,3,2,3,2,0,0,1,1,1,1,0,3,2,1,3,3,2,1,1,1,0,2,0,0,3,3,0,1,1,0,1,1,0,0,1,1,3,1,1,1,1,0,2,1,0,3,1,2,3,0,0,1,2,3,0,1,3,0,2,1,1,3,3,2,2,2,0,2,1,2,3,3,0,1,1,1,3,2,0,3,0,3,0,3,1,2,1,3,2,0,3,0,0,2,1,1,1,3,1,1,2,0,3,0,0,0,1,1,1,0,1,1,3,0,0,0,1,3,3,1,3,1,0,1,1,2,0,1,0,1,3,2,0,0,2,3,3,3,3,0,0,0,1,3,3,1,2,3,3,2,3,0,1,2,2,3,1,1,0,2,2,1,3,0,1,1,3,2,1,3,0,0,3,2,3,1,3,3,2,1,3,0,2,1,0,0,1,2,3,1,1,0,0,2,3,1,3,2,0,1,2,0,0,2,3,1,3,1,1,0,2,3,0,1,3,2,0,3,1,3,3,1,3,1,1,2,1,0,0,2,0,3,1,2,2,3,2,3,1,1,1,3,3,2,2,1,2,0,3,0,3,0,3,3,1,3,3,3,1,2,3,0,3,0,2,3,0,3,1,0,0,0,1,3,2,1,1,2,3,2,3,1,3,3,3,1,0,0,1,2,3,1,3,2,1,0,1,3,2,0,0,3,3,3,1,3,0,0,1,1,1,0,1,1,3,0,1,1,3,1,3,3,1,0,0,1,1,3,1,0,1,1,2,3,1,1,2,1,0,2,2,1,1,1,1,2,1
S1=0,1,2,1,0,0,3,1,3,2,1,1,3,1,1,3,1,2,1,3,3,2,0,0,3,0,3,0,2,1,3,0,0,1,2,3,1,2,0,3,1,1,1,3,2,2,3,1,1,1,2,0,1,3,0,0,2,0,3,3,3,1,1,0,1,2,3,0,1,2,1,2,3,1,0,0,3,1,1,1,2,1,0,1,2,0,0,3,0,3,1,2,1,1,1,2,0,0,3,3,2,3,3,3,3,3,3,1,0,1,2,1,0,1,1,1,0,2,0,0,3,3,2,3,1,3,1,0,0,0,1,3,1,1,1,1,3,2,0,0,2,0,3,3,1,3,0,2,0,0,2,0,3,3,3,3,1,1,3,1,3,0,2,0,0,1,3,1,2,2,3,1,1,1,1,2,3,0,0,0,1,3,3,1,3,0,0,1,1,3,1,3,2,2,1,1,1,1,0,2,1,1,1,3,3,3,1,3,1,2,3,3,2,0,2,3,0,1,3,2,0,1,2,2,1,1,2,0,1,1,1,2,0,0,2,1,1,3,3,2,0,3,3,0,0,1,1,3,1,0,2,1,0,3,1,1,1,2,0,1,3,3,1,1,3,3,2,1,0,1,0,1,1,1,2,1,2,3,3,1,1,3,3,0,3,0,3,2,1,1,1,0,3,2,1,0,1,0,3,0,3,1,1,3,3,3,0,1,0,3,2,3,3,2,0,3,1,1,1,0,1,1,3,0,1,3,0,1,2,1,0,1,1,0,0,2,0,2,2,1,3,1,3,0,0,2,1,1,1,3,1,0,0,0,1,3,3,2,1,0,3,1,3,0,1,3,1,0,3,1,3,3,1,3,1,2,1,1,1,1,1,0,2,1,0,0,1,1,3,3,2,2,3,1,1,1,2,2,1,2,0,0,0,3,3,3,3,2,1,2,3,0,1,0,1,1,1,1,0,0,1,0,0,1,3,3,3,3,1,3,0,0,1,1,1,1,2,2,1,0,3,1,1,2,0,3,3,3,2,3,0,1,0,1,1,0,0,1,3,3,3,3,1,1,3,2,0,0,3,2,0,3,1,2,1,3,3,0,1,3,0,1,3,3,1,3,1,1,2,0,0,2,0,3,1,2,0,1,1,1,1,1,3,0,0,1,3,1,2,2,0,3,2,3,1,1,0,0,2,2,0,3,2,1,1,1,3,1,2,0,0,0,1,1,1,2,1,2,1,2,0,1,1,3,1,1,3,3,1,1,1,2,0,0,1,2,3,1,0,0,1,0,2,1,0,0,0,2,3,3,3,0,2,1,1,3,2,3,0,0,3,3,0,2,1,1,0,0,2,2,1,2,3,2,2,3,1,0,2,0,3,2,1,2,3,3,1,1,3,2,2,1,0,1,1,1,2,0,1,2,1,1,0,1,1,0,1,0,1,3,1,1,0,0,2,2,3,3,3,1,1,2,1,1,0,1,3,1,1,2,1,0,0,0,2,1,3,1,2,0,1,0,2,0,2,3,1,1,1,0,1,1,0,0,3,0,3,3,1,1,0,1,1,3,1,0,0,1,1,3,1,1,3,2,3,2,3,2,0,2,1,3,2,0,3,2,3,3,2,1,0,3,1,3,2,1,0,1,1,3,0,3,1,0,0,0,1,3,2,0,1,1,1,1,0,1,3,0,0,0,3,1,1,1,0,2,2,0,1,0,2,0,3,3,3,3,1,1,2,0,1,2,3,3,2,0,1,3,3,2,2,0,0,0,3,1,0,2,1,1,1,3,0,3,2,0,1,0,2,0,2,2,3,3,3,1,3,0,1,2,2,2,2,1,3,1,1,1,0,1,2,1,2,3,1,0,0,1,3,2,0,0,3,1,3,1,2,2,0,0,1,2,1,3,3,3,3,1,3,3,2,1,1,1,1,0,1,2,0,3,1,1,3,3,1,3,0,0,1,1,3,2,1,0,0,0,3,2,3,0,0,0,1,1,0,0,2,2,1,0,3,1,1,1,1,1,3,3,3,1,3,0,3,0,0,1,3,1,1,2,1,1,0,1,3,0,2,1,2,1,1,2,2,2,0,0,2,2,3,1,0,2,1,3,2,0,3,1,3,1,0,0,1,0,0,3,3,2,2,0,3,3,2,1,1,1,3,2,2,1,0,0,3,2,1,3,2,1,1,2,1,1,2,0,1,1,0,1,3,3,3,1,0,0,0,1,1,1,2,1,0,3,1,0,3,3,3,2,1,1,2,2,3,2,3,3,0,1,1,1,0,1,3,3,0,1,3,0,1,0,1,1,2,1,3,2,1,3,0,2,1,1,3,2,1,2,3,1,2,3,0,1,3,2,3,1,2,1,2,3,1,2,1,0,1,0,2,1,2,2,1,1,1,2,2,0,0,1,2,3,3,3,1,3,0,0,3,1,0,1,3,1,3,0,0,3,3,3,3,2,1,3,3,3,2,2,0,1,2,2,1,3,3,0,1,3,1,1,1,2,0,0,2,1,3,3,1,1,1,3,0,3,2,3,2,0,0,1,1,1,1,0,3,2,1,3,3,2,1,1,1,0,2,0,0,3,3,0,1,1,0,1,1,0,0,1,1,3,1,1,1,1,0,2,1,0,3,1,2,3,0,0,1,2,3,0,1,3,0,2,1,1,3,3,2,2,2,0,2,1,2,3,3,0,1,1,1,3,2,0,3,0,3,0,3,1,2,1,3,2,0,3,0,0,2,1,1,1,3,1,1,2,0,3,0,0,0,1,1,1,0,2,1,3,0,0,0,1,3,3,1,3,1,0,1,1,3,3,1,0,1,3,2,0,0,2,3,3,3,3,0,0,0,1,3,3,1,3,2,3,2,3,0,1,2,2,3,1,1,0,2,3,1,3,0,1,1,3,2,1,3,0,0,3,2,3,1,3,3,2,1,3,1,2,1,0,0,1,1,3,1,1,0,0,2,3,1,3,2,0,1,2,0,0,2,3,1,3,1,1,0,2,3,0,1,3,3,0,3,1,3,3,1,3,1,1,2,1,0,0,2,0,3,1,2,2,3,2,3,1,1,1,3,3,2,2,1,2,0,3,0,3,0,3,3,1,3,3,3,1,2,3,0,3,0,2,3,0,3,1,0,0,0,1,2,3,1,1,2,3,1,2,0,3,3,3,1,0,0,1,2,3,1,3,2,1,0,1,3,3,0,0,3,3,3,1,3,0,0,1,1,1,0,1,1,3,0,1,1,3,1,3,3,1,0,1,1,1,2,0,2,1,1,2,3,1,0,2,1,0,2,2,1,1,1,1,2,1
S2=0,1,2,1,0,0,3,1,3,2,1,1,3,1,1,3,1,2,1,3,3,2,0,0,3,0,3,0,2,1,3,0,0,1,2,3,1,2,0,3,1,1,1,3,2,2,3,1,1,1,2,0,1,3,0,0,2,0,3,3,3,1,1,0,1,2,3,0,1,2,1,1,3,1,0,0,3,1,1,1,2,1,0,1,2,0,0,3,0,3,1,2,1,1,1,2,0,0,3,3,2,3,3,3,3,3,3,1,0,1,2,1,0,1,1,1,0,2,0,0,3,3,2,3,1,3,1,0,0,0,1,3,1,1,1,1,3,2,0,0,2,0,3,3,1,3,0,2,0,0,2,0,3,3,3,3,1,1,3,1,3,0,2,0,0,1,3,1,2,2,3,1,1,1,1,2,3,0,0,0,1,3,3,1,3,0,0,1,1,3,1,3,2,2,1,1,1,1,0,2,1,1,1,3,3,3,1,3,1,2,3,3,2,0,2,3,0,1,3,2,0,1,2,2,1,1,2,0,1,1,1,2,0,0,2,1,1,3,3,2,0,3,3,0,0,1,1,3,1,0,2,1,0,3,1,1,1,2,0,1,3,3,1,1,3,3,2,1,0,1,0,1,1,1,2,1,2,3,3,1,1,3,3,0,3,0,3,2,1,1,1,0,3,2,1,0,1,0,3,0,3,1,1,3,3,3,0,1,0,3,2,3,3,2,0,3,1,1,1,0,1,1,3,0,1,3,0,1,2,1,0,1,1,0,0,2,0,2,2,1,3,1,3,0,0,2,1,1,1,3,1,0,0,0,1,3,3,2,1,0,3,1,3,0,1,3,1,0,3,1,3,3,1,3,1,2,1,1,1,1,1,0,2,1,0,0,1,1,3,3,2,2,3,1,1,1,2,2,1,2,0,0,0,3,3,3,3,2,1,2,3,0,1,0,1,1,1,1,0,0,1,0,0,1,3,3,3,3,1,3,0,0,1,1,1,1,2,2,1,0,3,1,1,2,0,3,3,3,2,3,0,1,0,1,1,0,0,1,3,3,3,3,1,1,3,2,0,0,3,2,0,3,1,2,1,3,3,0,1,3,0,1,3,3,1,3,1,1,2,0,0,2,0,3,1,2,0,1,1,1,1,1,3,0,0,1,3,1,2,2,0,3,2,3,1,1,0,0,2,2,0,3,2,1,1,1,3,1,2,0,0,0,1,1,1,2,1,2,1,2,0,1,1,3,1,1,3,3,1,1,1,2,0,0,1,2,3,1,0,0,1,0,2,1,0,0,0,2,3,3,3,0,2,1,1,3,2,3,0,0,3,3,0,2,1,1,0,0,2,2,1,2,3,2,2,3,1,0,2,0,3,2,1,2,3,3,1,1,3,2,2,1,0,1,1,1,2,0,1,2,1,1,0,1,1,0,1,0,1,3,1,1,0,0,2,2,3,3,3,1,1,2,1,1,0,1,3,1,1,2,1,0,0,0,2,1,3,1,2,0,1,0,2,0,2,3,1,1,1,0,1,1,0,0,3,0,3,3,1,1,0,1,1,3,1,0,0,1,1,3,1,1,3,2,3,2,3,2,0,2,1,3,2,0,3,2,3,3,2,1,0,3,1,3,2,1,0,1,1,3,0,3,1,0,0,0,1,3,2,0,1,1,1,1,0,1,3,0,0,0,3,1,1,1,0,2,2,0,1,0,2,0,3,3,3,3,1,1,2,0,1,2,3,3,2,0,1,3,3,2,2,0,0,0,3,1,0,2,1,1,1,3,0,3,2,0,1,0,2,0,2,2,3,3,3,1,3,0,1,2,2,2,2,1,3,1,1,1,0,1,2,1,2,3,1,0,0,1,3,2,0,0,3,1,3,1,2,2,0,0,1,2,1,3,3,3,3,1,3,3,2,1,1,1,1,0,1,2,0,3,1,1,3,3,1,3,0,0,1,1,3,2,1,0,0,0,3,2,3,0,0,0,1,1,0,0,2,2,1,0,3,1,1,1,1,1,3,3,3,1,3,0,3,0,0,1,3,1,1,2,1,1,0,1,3,0,2,1,2,1,1,2,2,2,0,0,2,2,3,1,0,2,1,3,2,0,3,1,3,1,0,0,1,0,0,3,3,2,2,0,3,3,2,1,1,1,3,2,2,1,0,0,3,2,1,3,2,1,1,2,1,1,2,0,1,1,0,1,3,3,3,1,0,0,0,1,1,1,2,1,0,3,1,0,3,3,3,2,1,1,2,2,3,2,3,3,0,1,1,1,0,1,3,3,0,1,3,0,1,0,1,1,2,1,3,2,1,3,0,2,1,1,3,2,1,2,3,1,2,3,0,1,3,2,3,1,2,1,2,3,1,2,1,0,1,0,2,1,2,2,1,1,1,2,2,0,0,1,2,3,3,3,1,3,0,0,3,1,0,1,3,1,3,0,0,3,3,3,3,2,1,3,3,3,2,2,0,1,2,2,1,3,3,0,1,3,1,1,1,2,0,0,2,1,3,3,1,1,1,3,0,3,2,3,2,0,0,1,1,1,1,0,3,2,1,3,3,2,1,1,1,0,2,0,0,3,3,0,1,1,0,1,1,0,0,1,1,3,1,1,1,1,0,2,1,0,3,1,2,3,0,0,1,2,3,0,1,3,0,2,1,1,3,3,2,2,2,0,2,1,2,3,3,0,1,1,1,3,2,0,3,0,3,0,3,1,2,1,3,2,0,3,0,0,2,1,1,1,3,1,1,2,0,3,0,0,0,1,1,1,0,2,1,3,0,0,0,1,3,3,1,3,1,0,1,1,3,3,1,0,1,3,2,0,0,2,3,3,3,3,0,0,0,1,3,3,1,3,2,3,2,3,0,1,2,2,3,1,1,0,2,3,1,3,0,1,1,3,2,1,3,0,0,3,2,3,1,3,3,2,1,3,1,2,1,0,0,1,1,3,1,1,0,0,2,3,1,3,2,0,1,2,0,0,2,3,1,3,1,1,0,2,3,0,1,3,3,0,3,1,3,3,1,3,1,1,2,1,0,0,2,0,3,1,2,2,3,2,3,1,1,1,3,3,2,2,1,2,0,3,0,3,0,3,3,1,3,3,3,1,2,3,0,3,0,2,3,0,3,1,0,0,0,1,2,3,1,1,2,3,1,2,0,3,3,3,1,0,0,1,2,3,1,3,2,1,0,1,3,3,0,0,3,3,3,1,3,0,0,1,1,1,0,1,1,3,0,1,1,3,1,3,3,1,0,0,1,1,2,0,2,1,1,2,3,1,0,2,1,0,2,2,1,1,1,1,2,1
Sigma mapping: 0->a 1->g 2->t 3->c 
Constrained string P:15
0 1 0 1 2 2 2 1 0 2 3 0 2 1 1 3 2 3 0 1 
0 1 3 1 1 3 1 0 0 3 1 1 1 2 1 0 1 2 0 0 
0 3 2 1 0 1 0 3 0 3 1 1 3 3 3 0 0 0 3 2 3 3 2 0 3 1 1 0 0 1 1 3 0 1 3 0 1 2 0 0 1 1 0 0 
1 1 3 2 0 0 3 2 0 3 1 2 1 0 3 1 1 3 0 1 3 3 1 3 1 1 2 0 0 0 0 3 
1 2 1 2 0 1 0 1 1 2 1 0 0 0 2 1 3 1 2 0 1 0 2 
3 0 0 0 3 0 1 1 0 2 2 0 1 0 0 0 3 3 3 0 0 1 2 0 1 2 3 3 0 3 1 3 
0 0 0 0 2 3 0 0 0 0 0 0 0 2 0 1 0 3 1 1 1 1 0 3 3 3 1 3 0 3 0 0 1 
0 2 1 2 1 1 2 2 2 0 0 2 2 3 1 0 
3 0 0 3 1 3 1 0 0 1 0 0 3 3 2 2 0 3 3 
0 1 1 2 1 0 2 1 3 0 2 1 1 3 3 1 3 3 1 2 3 0 1 3 2 3 1 2 1 3 3 1 2 1 0 1 
2 1 2 2 1 1 1 2 2 0 0 1 2 3 3 3 0 3 0 0 3 1 0 1 3 1 3 0 0 3 3 3 2 
1 1 0 0 1 1 3 1 1 1 1 0 3 1 0 3 1 
1 1 1 3 1 0 3 0 3 0 3 1 3 1 3 2 0 3 
1 3 3 2 2 1 3 0 3 0 3 0 3 3 1 3 3 3 1 2 3 
1 1 1 2 1 0 0 1 2 3 0 2 0 0 3 0 0 1 1 2 0 0 3 3 

value: 1365
ttime: 5.99508
