#--------------------------------------------------
# ./CLCS -ifile test1.txt -ttime 900 -algorithm 0 -oname outputmake 
#----------------- mhlib parameters ---------------------------------
# version: 3923-dirty
# mhlib version: v4.6
# params:
algorithm	0
bw	10
dupelim	1
filtering	1
guidance	0
ifile	test1.txt
isfile	''
kbest	0
kext	100000
lbuffer	10
lchonly	1
ldups	0
lfreq	1
logext	.log
ltime	1
maxi	1
nformat	%f
odir	''
oname	outputmake
outext	.out
popsize	1
pruning	1
repl	1
seed	751667023
sfile	''
tciter	-1
time	900
titer	-1
tobj	-1
tselk	2
ttime	900
turn_cutoff	0
ub	0
wctime	0
wheap	1

m=2 n=1000 |Sigma|=21 UB=929
S0=0,1,2,3,4,5,6,7,8,1,9,8,5,10,5,9,11,12,13,6,3,14,4,9,15,2,14,9,16,7,4,15,14,13,5,17,7,18,19,13,15,19,16,6,1,19,4,15,18,6,8,6,3,7,5,9,5,5,19,3,5,16,14,11,11,7,20,17,6,1,8,6,20,20,7,14,9,8,4,6,18,1,3,1,9,13,15,7,14,10,20,16,15,4,8,16,4,1,2,11,8,3,17,3,11,12,18,6,9,4,2,18,12,20,20,16,17,13,18,8,1,2,13,16,4,18,8,2,9,11,6,3,14,17,13,18,1,5,17,7,7,6,14,15,4,6,10,14,17,20,14,4,7,20,10,4,1,19,13,20,11,20,1,15,16,1,19,2,19,1,6,4,8,12,15,11,7,9,2,3,14,1,13,18,2,16,16,7,14,13,3,9,4,14,20,3,3,12,16,14,4,12,9,10,4,12,20,3,16,16,9,8,19,16,6,4,17,1,2,5,9,16,14,8,13,7,12,11,6,16,17,2,19,1,17,12,5,9,14,8,5,16,5,8,10,1,10,2,11,4,6,8,12,8,15,2,19,12,13,12,10,11,9,4,17,14,16,20,16,6,17,5,16,18,2,5,18,6,19,11,15,17,2,17,12,17,19,16,3,12,9,20,8,4,12,17,1,7,12,3,6,2,17,3,4,14,4,17,16,20,4,11,16,2,19,12,6,6,8,6,17,5,8,4,17,2,15,8,17,14,16,6,19,15,1,4,2,1,3,10,13,19,18,15,17,5,10,3,4,14,6,15,4,7,6,11,10,5,14,5,18,3,4,14,14,6,16,1,5,17,15,19,16,3,4,4,16,8,13,1,19,18,10,1,16,20,13,14,1,12,2,9,20,19,14,2,12,13,17,10,14,16,18,20,1,15,16,2,9,6,4,17,4,3,16,5,18,7,4,14,13,2,2,7,2,17,2,2,4,4,5,12,6,14,7,20,8,7,7,17,15,3,12,12,14,11,2,3,3,19,9,19,12,14,10,9,9,7,5,16,13,11,4,20,4,2,8,13,20,10,7,4,20,8,11,3,15,20,5,15,14,10,19,13,17,15,3,10,7,11,3,6,3,8,2,9,17,9,15,12,8,5,19,1,12,7,5,8,9,16,2,8,7,12,8,16,2,2,14,16,15,15,12,5,16,20,3,3,2,20,20,17,7,1,15,1,6,6,6,11,10,3,12,14,7,10,15,8,9,16,2,10,5,4,6,15,6,8,1,16,7,19,19,18,8,8,17,15,10,20,4,11,3,19,5,7,19,15,14,9,3,18,6,1,19,13,13,4,17,13,7,19,11,12,14,2,11,20,13,1,7,17,4,8,5,9,16,14,16,3,11,16,8,8,18,8,8,18,19,5,14,6,12,17,18,6,3,8,12,5,5,8,17,1,8,9,1,6,20,9,8,7,8,6,4,10,4,1,7,2,17,12,9,16,10,1,16,15,20,16,7,2,9,14,6,16,13,5,11,8,6,16,13,1,14,18,4,6,1,8,20,14,4,4,8,9,11,19,20,14,15,3,8,18,15,12,2,10,2,7,12,19,1,3,7,6,1,6,12,14,8,4,7,11,18,6,16,12,17,15,17,11,5,14,2,7,11,17,9,1,3,15,2,7,14,19,12,2,13,6,18,15,3,19,8,13,10,1,8,15,14,16,1,8,1,15,1,9,16,13,20,16,18,13,7,5,4,16,19,8,15,20,11,20,10,15,12,18,10,9,16,2,3,1,5,8,11,9,12,18,13,6,7,9,9,6,7,18,9,11,13,9,9,11,12,9,17,8,7,17,1,16,4,19,7,3,6,6,7,18,9,9,10,2,6,12,15,9,1,20,14,4,8,19,10,9,4,13,6,14,11,8,1,11,4,11,20,20,2,6,1,13,2,20,9,8,2,5,20,8,12,17,11,3,20,4,6,18,11,8,16,3,14,8,19,10,19,16,18,14,18,13,6,10,15,20,6,3,1,10,4,2,16,14,12,13,20,16,7,15,20,4,10,1,12,6,13,14,10,14,3,10,9,17,9,11,9,2,8,8,11,2,8,4,14,18,1,12,13,15,15,12,18,7,7,20,13,10,13,16,14,11,7,11,15,18,1,13,18,1,20,6,18,17,4,20,14,20,14,11,13,9,12,14,20,15,6,17,14,7,16,18,9,4,15,14,15,4,5,3,19,5,17,17,18,20,4,6,6,12,13,7,8,15,11,7,13,12,18,8
S1=0,17,7,20,3,16,19,10,18,11,1,8,2,2,4,1,14,8,19,8,3,5,19,15,20,10,7,20,10,12,10,2,16,2,2,12,9,10,4,18,19,10,9,13,1,20,6,6,5,9,20,8,18,11,7,20,5,10,19,19,3,11,2,17,3,20,8,8,13,6,17,1,7,6,14,4,6,18,7,18,16,8,14,2,18,14,16,13,14,3,5,3,20,15,10,3,4,14,12,4,1,1,17,3,17,3,14,17,7,11,19,4,18,19,9,2,4,14,17,16,2,7,20,20,15,10,4,6,20,1,20,6,1,15,11,16,2,16,10,17,2,17,8,10,4,4,6,15,17,17,6,14,17,1,14,17,2,10,7,12,9,14,15,3,7,13,13,5,15,20,16,12,2,15,12,19,3,13,14,8,10,2,7,20,17,5,5,2,1,10,19,5,12,9,7,4,15,9,10,8,9,6,14,13,8,17,15,16,7,14,8,5,6,4,2,8,2,20,19,7,9,13,12,6,6,8,20,16,11,19,14,8,20,3,3,13,8,16,5,8,8,1,9,4,12,4,14,1,16,17,16,15,14,18,11,17,4,6,10,2,12,19,17,16,8,2,15,20,12,4,2,3,11,20,1,17,12,20,3,10,12,4,20,18,1,4,19,10,7,3,16,19,11,11,8,7,8,12,5,19,14,9,12,3,19,2,8,2,11,3,10,14,1,10,8,15,16,17,16,16,19,1,16,10,4,20,6,7,18,5,14,5,9,15,5,12,17,1,2,13,19,2,15,1,15,15,4,8,4,20,1,14,7,3,19,11,2,12,8,10,11,4,18,3,6,3,14,3,12,6,16,10,5,15,7,12,18,5,20,9,3,19,17,13,18,8,10,14,8,17,2,13,5,2,20,14,10,5,10,18,6,4,1,11,7,8,17,7,8,9,11,6,5,2,10,7,4,6,10,17,14,17,1,5,7,1,7,20,1,18,14,15,20,18,14,5,12,20,9,10,6,1,10,13,16,9,3,11,20,14,17,20,5,18,9,5,7,5,7,6,18,1,15,16,11,4,1,10,8,4,20,8,8,7,11,15,13,9,19,16,15,2,12,16,5,17,7,13,2,3,3,6,9,5,12,7,16,12,15,12,1,15,17,16,12,10,12,19,6,19,18,5,16,18,2,17,2,8,3,14,15,1,17,16,20,20,15,8,1,11,9,2,3,6,14,6,1,14,8,16,19,10,11,5,19,20,10,18,7,7,9,14,14,2,19,6,15,20,6,2,1,19,10,4,11,4,12,15,1,17,14,15,3,8,4,8,11,19,14,6,16,11,1,3,20,13,14,16,18,6,19,15,1,11,2,19,11,19,16,18,5,17,4,8,20,7,3,8,17,17,1,17,6,5,8,5,8,4,17,4,17,10,5,19,8,14,10,6,17,4,7,7,16,14,6,7,8,6,1,6,20,6,3,20,16,19,12,20,14,17,5,4,18,4,14,5,6,16,13,4,15,20,15,9,15,10,1,16,11,3,14,14,11,18,12,8,8,4,4,11,16,17,4,15,5,6,12,4,7,5,16,3,20,7,9,7,8,11,7,19,20,17,20,6,20,6,5,1,18,18,19,17,1,6,12,11,1,2,7,14,18,6,2,9,12,2,20,8,17,14,20,3,15,5,2,4,2,7,20,1,8,9,20,10,18,5,10,17,15,1,20,10,8,18,16,18,4,14,16,13,13,3,6,12,20,1,9,18,1,2,18,10,2,9,8,17,7,9,2,16,3,3,9,3,10,13,1,7,1,12,3,3,18,12,10,20,10,18,18,9,12,9,1,11,3,4,6,5,5,17,11,6,19,19,1,8,2,6,14,4,12,5,20,19,4,8,3,14,2,9,11,2,20,12,16,18,14,4,19,5,8,4,9,4,16,18,9,10,15,17,11,11,19,20,5,1,15,3,1,20,9,10,8,8,18,17,13,19,12,12,15,11,19,7,17,18,10,9,10,14,1,11,7,11,20,11,6,6,8,9,14,3,16,4,15,7,3,10,20,10,5,11,2,15,3,14,1,13,11,7,16,9,14,4,1,6,13,18,1,13,3,7,6,10,20,5,8,13,20,12,13,16,13,13,16,5,3,1,15,14,1,11,16,20,5,1,14,3,6,8,4,6,20,14,16,10,20,16,4,6,15,11,1,10,13,15,17,19,15,2,5,1,2,2,14,17,20,11,4,6,1,11,14,7,1,1,9,13,11,19,13,18,8,3,14,8,14,17,8,18
Sigma mapping: 0->x 1->d 2->m 3->k 4->e 5->o 6->h 7->b 8->q 9->f 10->a 11->i 12->r 13->t 14->s 15->l 16->p 17->n 18->c 19->g 20->j 
Constrained string P:2
0 2 1 8 10 12 9 4 13 6 5 5 19 3 20 6 1 6 14 6 18 15 10 4 3 17 3 11 18 9 4 2 20 16 17 8 6 17 1 7 14 15 7 20 16 19 2 1 7 4 
8 16 6 4 2 9 13 12 6 8 16 8 8 12 4 16 6 2 15 17 12 20 12 4 20 4 16 19 8 5 8 2 14 15 17 4 6 7 18 14 5 17 19 4 8 20 14 19 2 10 

